app/build/intermediates/manifest_merge_blame_file/debug/manifest-merger-blame-debug-report.txt
1<?xml version="1.0" encoding="utf-8"?>
2<manifest xmlns:android="http://schemas.android.com/apk/res/android"
3    package="com.example.sqldemo"
4    android:versionCode="1"
5    android:versionName="1.0" >
6
7    <uses-sdk
8        android:minSdkVersion="21"
8-->src\main\AndroidManifest.xml
9        android:targetSdkVersion="32" />
9-->src\main\AndroidManifest.xml
10
11    <application
11-->src\main\AndroidManifest.xml:5:5-30:19
12        android:allowBackup="true"
12-->src\main\AndroidManifest.xml:6:9-35
13        android:appComponentFactory="androidx.core.app.CoreComponentFactory"
13-->[androidx.core:core:1.7.0] AndroidManifest.xml:24:18-86
14        android:dataExtractionRules="@xml/data_extraction_rules"
14-->src\main\AndroidManifest.xml:7:9-65
15        android:debuggable="true"
16        android:fullBackupContent="@xml/backup_rules"
16-->src\main\AndroidManifest.xml:8:9-54
17        android:icon="@mipmap/ic_launcher"
17-->src\main\AndroidManifest.xml:9:9-43
18        android:label="@string/app_name"
18-->src\main\AndroidManifest.xml:10:9-41
19        android:roundIcon="@mipmap/ic_launcher_round"
19-->src\main\AndroidManifest.xml:11:9-54
20        android:supportsRtl="true"
20-->src\main\AndroidManifest.xml:12:9-35
21        android:testOnly="true"
22        android:theme="@style/Theme.SQLDemo" >
22-->src\main\AndroidManifest.xml:13:9-45
23        <activity
23-->src\main\AndroidManifest.xml:15:9-29:20
24            android:name="com.example.sqldemo.MainActivity"
24-->src\main\AndroidManifest.xml:16:13-41
25            android:exported="true"
25-->src\main\AndroidManifest.xml:17:13-36
26            android:label="@string/app_name"
26-->src\main\AndroidManifest.xml:18:13-45
27            android:theme="@style/Theme.SQLDemo" >
27-->src\main\AndroidManifest.xml:19:13-49
28            <intent-filter>
28-->src\main\AndroidManifest.xml:20:13-24:29
29                <action android:name="android.intent.action.MAIN" />
29-->src\main\AndroidManifest.xml:21:17-69
29-->src\main\AndroidManifest.xml:21:25-66
30
31                <category android:name="android.intent.category.LAUNCHER" />
31-->src\main\AndroidManifest.xml:23:17-77
31-->src\main\AndroidManifest.xml:23:27-74
32            </intent-filter>
33
34            <meta-data
34-->src\main\AndroidManifest.xml:26:13-28:36
35                android:name="android.app.lib_name"
35-->src\main\AndroidManifest.xml:27:17-52
36                android:value="" />
36-->src\main\AndroidManifest.xml:28:17-33
37        </activity>
38        <activity
38-->[androidx.compose.ui:ui-tooling:1.1.1] AndroidManifest.xml:25:9-27:39
39            android:name="androidx.compose.ui.tooling.PreviewActivity"
39-->[androidx.compose.ui:ui-tooling:1.1.1] AndroidManifest.xml:26:13-71
40            android:exported="true" />
40-->[androidx.compose.ui:ui-tooling:1.1.1] AndroidManifest.xml:27:13-36
41        <activity
41-->[androidx.compose.ui:ui-test-manifest:1.1.1] AndroidManifest.xml:25:9-27:39
42            android:name="androidx.activity.ComponentActivity"
42-->[androidx.compose.ui:ui-test-manifest:1.1.1] AndroidManifest.xml:26:13-63
43            android:exported="true" />
43-->[androidx.compose.ui:ui-test-manifest:1.1.1] AndroidManifest.xml:27:13-36
44
45        <service
45-->[androidx.room:room-runtime:2.4.3] AndroidManifest.xml:25:9-28:40
46            android:name="androidx.room.MultiInstanceInvalidationService"
46-->[androidx.room:room-runtime:2.4.3] AndroidManifest.xml:26:13-74
47            android:directBootAware="true"
47-->[androidx.room:room-runtime:2.4.3] AndroidManifest.xml:27:13-43
48            android:exported="false" />
48-->[androidx.room:room-runtime:2.4.3] AndroidManifest.xml:28:13-37
49
50        <provider
50-->[androidx.profileinstaller:profileinstaller:1.1.0] AndroidManifest.xml:26:9-34:20
51            android:name="androidx.startup.InitializationProvider"
51-->[androidx.profileinstaller:profileinstaller:1.1.0] AndroidManifest.xml:27:13-67
52            android:authorities="com.example.sqldemo.androidx-startup"
52-->[androidx.profileinstaller:profileinstaller:1.1.0] AndroidManifest.xml:28:13-68
53            android:exported="false" >
53-->[androidx.profileinstaller:profileinstaller:1.1.0] AndroidManifest.xml:29:13-37
54            <meta-data
54-->[androidx.profileinstaller:profileinstaller:1.1.0] AndroidManifest.xml:31:13-33:52
55                android:name="androidx.profileinstaller.ProfileInstallerInitializer"
55-->[androidx.profileinstaller:profileinstaller:1.1.0] AndroidManifest.xml:32:17-85
56                android:value="androidx.startup" />
56-->[androidx.profileinstaller:profileinstaller:1.1.0] AndroidManifest.xml:33:17-49
57        </provider>
58
59        <receiver
59-->[androidx.profileinstaller:profileinstaller:1.1.0] AndroidManifest.xml:36:9-45:20
60            android:name="androidx.profileinstaller.ProfileInstallReceiver"
60-->[androidx.profileinstaller:profileinstaller:1.1.0] AndroidManifest.xml:37:13-76
61            android:directBootAware="false"
61-->[androidx.profileinstaller:profileinstaller:1.1.0] AndroidManifest.xml:38:13-44
62            android:enabled="true"
62-->[androidx.profileinstaller:profileinstaller:1.1.0] AndroidManifest.xml:39:13-35
63            android:exported="true"
63-->[androidx.profileinstaller:profileinstaller:1.1.0] AndroidManifest.xml:40:13-36
64            android:permission="android.permission.DUMP" >
64-->[androidx.profileinstaller:profileinstaller:1.1.0] AndroidManifest.xml:41:13-57
65            <intent-filter>
65-->[androidx.profileinstaller:profileinstaller:1.1.0] AndroidManifest.xml:42:13-44:29
66                <action android:name="androidx.profileinstaller.action.INSTALL_PROFILE" />
66-->[androidx.profileinstaller:profileinstaller:1.1.0] AndroidManifest.xml:43:17-91
66-->[androidx.profileinstaller:profileinstaller:1.1.0] AndroidManifest.xml:43:25-88
67            </intent-filter>
68        </receiver>
69    </application>
70
71</manifest>